\BOOKMARK [0][]{chapter.1}{\376\377\004\022\004\067\004\060\004\124\004\074\004\076\004\064\004\126\004\117\000\040\004\040\004\035\004\040\000\040\004\067\000\040\004\041\004\032\004\021\004\024\000\040\000M\000y\000S\000Q\000L}{}% 1
\BOOKMARK [1][]{section.1.1}{\376\377\004\034\004\076\004\062\004\060\000\040\004\067\004\060\004\077\004\070\004\102\004\126\004\062\000\040\000S\000Q\000L\000,\000\040\004\102\004\060\000\040\004\102\004\070\004\077\004\070\000\040\004\064\004\060\004\075\004\070\004\105\000\040\004\103\000\040\004\041\004\043\004\021\004\024\000\040\000M\000y\000S\000Q\000L}{chapter.1}% 2
\BOOKMARK [1][]{section.1.2}{\376\377\004\044\004\103\004\075\004\072\004\106\004\126\004\127\000\040\004\064\004\073\004\117\000\040\004\100\004\076\004\061\004\076\004\102\004\070\000\040\004\067\000\040\000M\000y\000S\000Q\000L\000.\000\040\004\022\004\070\004\072\004\076\004\075\004\060\004\075\004\075\004\117\000\040\000S\000Q\000L\000-\004\067\004\060\004\077\004\070\004\102\004\126\004\062}{chapter.1}% 3
\BOOKMARK [1][]{section.1.3}{\376\377\004\043\004\101\004\102\004\060\004\075\004\076\004\062\004\072\004\060\000\040\004\067\000'\004\124\004\064\004\075\004\060\004\075\004\075\004\117\000.\000\040\004\022\004\070\004\061\004\126\004\100\000\040\004\061\004\060\004\067\004\070\000\040\004\064\004\060\004\075\004\070\004\105}{chapter.1}% 4
\BOOKMARK [1][]{section.1.4}{\376\377\004\022\004\070\004\061\004\126\004\100\004\072\004\060\000\040\004\067\000\040\004\102\004\060\004\061\004\073\004\070\004\106\004\126\000,\000\040\004\100\004\076\004\067\004\061\004\126\004\100\000\040\004\100\004\065\004\067\004\103\004\073\004\114\004\102\004\060\004\102\004\103\000\040\004\062\004\070\004\061\004\126\004\100\004\072\004\070}{chapter.1}% 5
\BOOKMARK [1][]{section.1.5}{\376\377\004\024\004\076\004\064\004\060\004\062\004\060\004\075\004\075\004\117\000\040\004\067\004\060\004\077\004\070\004\101\004\126\004\062\000,\000\040\004\076\004\075\004\076\004\062\004\073\004\065\004\075\004\075\004\117\000\040\004\067\004\060\004\077\004\070\004\101\004\126\004\062}{chapter.1}% 6
\BOOKMARK [1][]{section.1.6}{\376\377\004\036\004\107\004\070\004\111\004\065\004\075\004\075\004\117\000\040\004\126\000\040\004\062\004\070\004\064\004\060\004\073\004\065\004\075\004\075\004\117\000\040\004\102\004\060\004\061\004\073\004\070\004\106\004\114}{chapter.1}% 7
\BOOKMARK [1][]{section.1.7}{\376\377\004\006\004\075\004\064\004\070\004\062\004\126\004\064\004\103\004\060\004\073\004\114\004\075\004\065\000\040\004\067\004\060\004\062\004\064\004\060\004\075\004\075\004\117}{chapter.1}% 8
\BOOKMARK [0][]{chapter.2}{\376\377\004\036\004\036\004\037\000.\000\040\004\040\004\076\004\061\004\076\004\102\004\060\000\040\004\067\000\040\000X\000M\000L}{}% 9
\BOOKMARK [1][]{section.2.1}{\376\377\004\032\004\073\004\060\004\101\004\070\000\040\004\102\004\060\000\040\004\076\004\061\000'\004\124\004\072\004\102\004\070\000.\000\040\004\034\004\065\004\102\004\076\004\064\004\070}{chapter.2}% 10
\BOOKMARK [2][]{subsection.2.1.1}{\376\377\004\036\004\063\004\076\004\073\004\076\004\110\004\065\004\075\004\075\004\117\000\040\004\072\004\073\004\060\004\101\004\103}{section.2.1}% 11
\BOOKMARK [2][]{subsection.2.1.2}{\376\377\004\041\004\102\004\062\004\076\004\100\004\065\004\075\004\075\004\117\000\040\004\076\004\061\000'\004\124\004\072\004\102\004\060}{section.2.1}% 12
\BOOKMARK [1][]{section.2.2}{\376\377\004\035\004\060\004\101\004\073\004\126\004\064\004\103\004\062\004\060\004\075\004\075\004\117}{chapter.2}% 13
\BOOKMARK [1][]{section.2.3}{\376\377\004\032\004\076\004\075\004\101\004\102\004\100\004\103\004\072\004\102\004\076\004\100\004\070\000\040\004\102\004\060\000\040\004\064\004\065\004\101\004\102\004\100\004\103\004\072\004\102\004\076\004\100\004\070}{chapter.2}% 14
\BOOKMARK [1][]{section.2.4}{\376\377\004\036\004\077\004\065\004\100\004\060\004\102\004\076\004\100\004\070\000\040\000<\000<\000:\000:\000>\000>\000\040\004\102\004\060\000\040\000<\000<\000p\000a\000r\000e\000n\000t\000>\000>}{chapter.2}% 15
\BOOKMARK [1][]{section.2.5}{\376\377\004\036\004\061\000'\004\124\004\072\004\102\004\075\004\060\000\040\004\074\004\076\004\064\004\065\004\073\004\114\000\040\000X\000M\000L\000-\004\064\004\076\004\072\004\103\004\074\004\065\004\075\004\102\004\060}{chapter.2}% 16
\BOOKMARK [1][]{section.2.6}{\376\377\004\040\004\076\004\067\004\110\004\070\004\100\004\065\004\075\004\075\004\117\000\040\000S\000A\000X\000\040\004\102\004\060\000\040\000D\000O\000M\000\040\004\064\004\073\004\117\000\040\004\100\004\076\004\061\004\076\004\102\004\113\000\040\004\067\000\040\000X\000M\000L}{chapter.2}% 17
\BOOKMARK [1][]{section.2.7}{\376\377\004\006\004\075\004\064\004\070\004\062\004\126\004\064\004\103\004\060\004\073\004\114\004\075\004\065\000\040\004\067\004\060\004\062\004\064\004\060\004\075\004\075\004\117}{chapter.2}% 18
\BOOKMARK [0][]{chapter.3}{\376\377\004\040\004\076\004\061\004\076\004\102\004\060\000\040\004\067\000\040\004\101\004\076\004\072\004\065\004\102\004\060\004\074\004\070\000.\000\040\004\037\004\065\004\100\004\065\004\101\004\070\004\073\004\060\004\075\004\075\004\117\000\040\004\064\004\060\004\075\004\070\004\105\000\040\000J\000S\000O\000N}{}% 19
\BOOKMARK [1][]{section.3.1}{\376\377\004\041\004\102\004\100\004\103\004\072\004\102\004\103\004\100\004\060\000\040\004\101\004\076\004\072\004\065\004\102\004\060\000.\000\040\004\022\004\126\004\064\004\072\004\100\004\070\004\102\004\102\004\117\000\040\004\102\004\060\000\040\004\067\004\060\004\072\004\100\004\070\004\102\004\102\004\117\000\040\004\101\004\076\004\072\004\065\004\102\004\060}{chapter.3}% 20
\BOOKMARK [1][]{section.3.2}{\376\377\004\027\004\060\004\077\004\070\004\101\000\040\004\062\000\040\004\101\004\076\004\072\004\065\004\102\000\040\004\102\004\060\000\040\004\107\004\070\004\102\004\060\004\075\004\075\004\117\000\040\004\067\000\040\004\101\004\076\004\072\004\065\004\102\004\060}{chapter.3}% 21
\BOOKMARK [1][]{section.3.3}{\376\377\004\041\004\070\004\075\004\102\004\060\004\072\004\101\004\070\004\101\000\040\000J\000S\000O\000N\000,\000\040\004\071\004\076\004\063\004\076\000\040\004\101\004\102\004\100\004\103\004\072\004\102\004\103\004\100\004\060}{chapter.3}% 22
\BOOKMARK [1][]{section.3.4}{\376\377\004\032\004\076\004\064\004\103\004\062\004\060\004\075\004\075\004\117\000\040\004\102\004\060\000\040\004\064\004\065\004\072\004\076\004\064\004\103\004\062\004\060\004\075\004\075\004\117\000\040\000J\000S\000O\000N\000\040\004\103\000\040\004\040\004\035\004\040}{chapter.3}% 23
\BOOKMARK [1][]{section.3.5}{\376\377\004\036\004\061\004\074\004\126\004\075\000\040\004\064\004\060\004\075\004\070\004\074\004\070\000\040\004\067\000\040\000J\000a\000v\000a\000S\000c\000r\000i\000p\000t\000-\004\064\004\076\004\064\004\060\004\102\004\072\004\060\004\074\004\070}{chapter.3}% 24
\BOOKMARK [1][]{section.3.6}{\376\377\004\006\004\075\004\064\004\070\004\062\004\126\004\064\004\103\004\060\004\073\004\114\004\075\004\065\000\040\004\067\004\060\004\062\004\064\004\060\004\075\004\075\004\117}{chapter.3}% 25
\BOOKMARK [0][]{chapter.4}{\376\377\004\040\004\076\004\061\004\076\004\102\004\060\000\040\004\067\000\040\004\067\004\076\004\061\004\100\004\060\004\066\004\065\004\075\004\075\004\117\004\074\004\070}{}% 26
\BOOKMARK [1][]{section.4.1}{\376\377\004\041\004\102\004\062\004\076\004\100\004\065\004\075\004\075\004\117\000\040\004\067\004\076\004\061\004\100\004\060\004\066\004\065\004\075\004\114}{chapter.4}% 27
\BOOKMARK [1][]{section.4.2}{\376\377\004\034\004\060\004\073\004\116\004\062\004\060\004\075\004\075\004\117\000\040\004\077\004\100\004\076\004\101\004\102\004\070\004\105\000\040\004\063\004\065\004\076\004\074\004\065\004\102\004\100\004\070\004\107\004\075\004\070\004\105\000\040\004\104\004\126\004\063\004\103\004\100}{chapter.4}% 28
\BOOKMARK [1][]{section.4.3}{\376\377\004\034\004\060\004\073\004\116\004\062\004\060\004\075\004\075\004\117\000\040\004\102\004\065\004\072\004\101\004\102\004\103\000\040\004\075\004\060\000\040\004\067\004\076\004\061\004\100\004\060\004\066\004\065\004\075\004\075\004\126}{chapter.4}% 29
\BOOKMARK [1][]{section.4.4}{\376\377\004\027\004\074\004\126\004\075\004\060\000\040\004\100\004\076\004\067\004\074\004\126\004\100\004\103\000\040\004\067\004\076\004\061\004\100\004\060\004\066\004\065\004\075\004\075\004\117}{chapter.4}% 30
\BOOKMARK [1][]{section.4.5}{\376\377\004\044\004\103\004\075\004\072\004\106\004\126\004\127\000\040\004\061\004\126\004\061\004\073\004\126\004\076\004\102\004\065\004\072\004\070\000\040\000G\000D}{chapter.4}% 31
\BOOKMARK [1][]{section.4.6}{\376\377\004\006\004\075\004\064\004\070\004\062\004\126\004\064\004\103\004\060\004\073\004\114\004\075\004\065\000\040\004\067\004\060\004\062\004\064\004\060\004\075\004\075\004\117}{chapter.4}% 32
\BOOKMARK [0][]{appendix.A}{\376\377\004\037\004\100\004\060\004\062\004\070\004\073\004\060\000\040\004\076\004\104\004\076\004\100\004\074\004\073\004\065\004\075\004\075\004\117\000\040\004\067\004\062\004\126\004\102\004\103}{}% 33
\BOOKMARK [1][]{section.A.1}{\376\377\004\042\004\070\004\102\004\103\004\073\004\114\004\075\004\060\000\040\004\101\004\102\004\076\004\100\004\126\004\075\004\072\004\060\000\040\004\073\004\060\004\061\004\076\004\100\004\060\004\102\004\076\004\100\004\075\004\076\004\127\000\040\004\100\004\076\004\061\004\076\004\102\004\070}{appendix.A}% 34
\BOOKMARK [1][]{section.A.2}{\376\377\004\037\004\100\004\070\004\072\004\073\004\060\004\064\004\070\000\040\004\061\004\073\004\076\004\072\000-\004\101\004\105\004\065\004\074}{appendix.A}% 35
\BOOKMARK [1][]{section.A.3}{\376\377\004\036\004\104\004\076\004\100\004\074\004\073\004\065\004\075\004\075\004\117\000\040\004\077\004\100\004\076\004\063\004\100\004\060\004\074\004\075\004\076\004\063\004\076\000\040\004\072\004\076\004\064\004\103}{appendix.A}% 36
\BOOKMARK [1][]{section.A.4}{\376\377\004\036\004\104\004\076\004\100\004\074\004\073\004\065\004\075\004\075\004\117\000\040\004\101\004\072\004\100\004\126\004\075\004\110\004\076\004\102\004\126\004\062}{appendix.A}% 37
\BOOKMARK [0][]{appendix.B}{\376\377\004\034\004\060\004\102\004\065\004\100\004\126\004\060\004\073\004\070\000\040\004\064\004\076\000\040\004\033\000/\004\040\000\040\041\026\0002}{}% 38
\BOOKMARK [1][]{section.B.1}{\376\377\004\025\004\073\004\065\004\074\004\065\004\075\004\102\004\070\000\040\004\104\004\076\004\100\004\074\000\040\000H\000T\000M\000L}{appendix.B}% 39
\BOOKMARK [2][]{subsection.B.1.1}{\376\377\000I\000N\000P\000U\000T\000\040\004\126\000\040\004\071\004\076\004\063\004\076\000\040\004\074\004\065\004\102\004\076\004\064\004\070}{section.B.1}% 40
\BOOKMARK [2][]{subsection.B.1.2}{\376\377\004\021\004\060\004\063\004\060\004\102\004\076\004\100\004\117\004\064\004\072\004\076\004\062\004\065\000\040\004\102\004\065\004\072\004\101\004\102\004\076\004\062\004\065\000\040\004\077\004\076\004\073\004\065}{section.B.1}% 41
\BOOKMARK [2][]{subsection.B.1.3}{\376\377\004\041\004\077\004\070\004\101\004\072\004\070\000\040\004\067\000\040\004\062\004\070\004\061\004\076\004\100\004\076\004\074}{section.B.1}% 42
\BOOKMARK [1][]{section.B.2}{\376\377\004\027\004\074\004\126\004\075\004\075\004\126\000-\004\104\004\103\004\075\004\072\004\106\004\126\004\127}{appendix.B}% 43
\BOOKMARK [0][]{appendix.C}{\376\377\004\034\004\060\004\102\004\065\004\100\004\126\004\060\004\073\004\070\000\040\004\064\004\076\000\040\004\033\000/\004\040\000\040\041\026\0003}{}% 44
\BOOKMARK [1][]{section.C.1}{\376\377\004\027\004\074\004\126\004\075\004\075\004\126\000\040\004\076\004\102\004\076\004\107\004\065\004\075\004\075\004\117\000\040\000w\000e\000b\000-\004\101\004\065\004\100\004\062\004\065\004\100\004\060\000\040\000A\000p\000a\000c\000h\000e}{appendix.C}% 45
\BOOKMARK [2][]{subsection.C.1.1}{\376\377\004\044\004\076\004\100\004\074\004\076\004\062\004\060\004\075\004\126\000\040\004\101\004\065\004\100\004\062\004\065\004\100\004\076\004\074\000\040\004\067\004\074\004\126\004\075\004\075\004\126}{section.C.1}% 46
\BOOKMARK [2][]{subsection.C.1.2}{\376\377\004\041\004\077\004\065\004\106\004\126\004\060\004\073\004\114\004\075\004\126\000\040\004\067\004\074\004\126\004\075\004\075\004\126\000\040\004\101\004\065\004\100\004\062\004\065\004\100\004\060\000\040\000A\000p\000a\000c\000h\000e}{section.C.1}% 47
\BOOKMARK [2][]{subsection.C.1.3}{\376\377\004\027\004\074\004\126\004\075\004\075\004\126\000\040\000H\000T\000T\000P\000-\004\077\004\076\004\073\004\126\004\062\000\040\004\067\004\060\004\077\004\070\004\102\004\103}{section.C.1}% 48
\BOOKMARK [2][]{subsection.C.1.4}{\376\377\004\041\004\103\004\077\004\065\004\100\004\063\004\073\004\076\004\061\004\060\004\073\004\114\004\075\004\126\000\040\004\074\004\060\004\101\004\070\004\062\004\070\000\040\000P\000H\000P}{section.C.1}% 49
\BOOKMARK [1][]{section.C.2}{\376\377\004\037\004\100\004\126\004\076\004\100\004\070\004\102\004\065\004\102\004\070\000\040\004\062\004\070\004\072\004\076\004\075\004\060\004\075\004\075\004\117\000\040\004\076\004\077\004\065\004\100\004\060\004\102\004\076\004\100\004\126\004\062}{appendix.C}% 50
\BOOKMARK [0][]{appendix.D}{\376\377\004\034\004\060\004\102\004\065\004\100\004\126\004\060\004\073\004\070\000\040\004\064\004\076\000\040\004\033\000/\004\040\000\040\041\026\0004}{}% 51
\BOOKMARK [1][]{section.D.1}{\376\377\004\040\004\117\004\064\004\072\004\070\000\040\004\102\004\060\000\040\004\100\004\065\004\063\004\103\004\073\004\117\004\100\004\075\004\126\000\040\004\062\004\070\004\100\004\060\004\067\004\070}{appendix.D}% 52
\BOOKMARK [2][]{subsection.D.1.1}{\376\377\004\044\004\103\004\075\004\072\004\106\004\126\004\127\000\040\004\100\004\076\004\061\004\076\004\102\004\070\000\040\004\067\000\040\004\100\004\117\004\064\004\072\004\060\004\074\004\070}{section.D.1}% 53
\BOOKMARK [2][]{subsection.D.1.2}{\376\377\004\034\004\065\004\102\004\060\004\101\004\070\004\074\004\062\004\076\004\073\004\070\000\040\004\102\004\060\000\040\004\072\004\065\004\100\004\103\004\116\004\107\004\126\000\040\004\072\004\076\004\075\004\101\004\102\004\100\004\103\004\072\004\106\004\126\004\116\000\040\004\100\004\065\004\063\004\103\004\073\004\117\004\100\004\075\004\070\004\105\000\040\004\062\004\070\004\100\004\060\004\067\004\126\004\062\000\040\004\103\000\040\000M\000y\000S\000Q\000L}{section.D.1}% 54
\BOOKMARK [0][]{appendix.E}{\376\377\004\034\004\060\004\102\004\065\004\100\004\126\004\060\004\073\004\070\000\040\004\064\004\076\000\040\004\033\000/\004\040\000\040\041\026\0005}{}% 55
\BOOKMARK [1][]{section.E.1}{\376\377\004\044\004\103\004\075\004\072\004\106\004\126\004\127\000\040\004\064\004\073\004\117\000\040\004\100\004\076\004\061\004\076\004\102\004\070\000\040\004\067\000\040\004\104\004\060\004\071\004\073\004\076\004\062\004\076\004\116\000\040\004\101\004\070\004\101\004\102\004\065\004\074\004\076\004\116}{appendix.E}% 56
\BOOKMARK [1][]{section.E.2}{\376\377\004\037\004\060\004\100\004\060\004\074\004\065\004\102\004\100\004\070\000\040\004\104\004\103\004\075\004\072\004\106\004\126\004\127\000\040\000<\000<\000f\000o\000p\000e\000n\000\050\000\051\000>\000>}{appendix.E}% 57
\BOOKMARK [1][]{section.E.3}{\376\377\004\044\004\103\004\075\004\072\004\106\004\126\004\127\000\040\004\064\004\073\004\117\000\040\004\100\004\076\004\061\004\076\004\102\004\070\000\040\004\067\000\040\004\072\004\060\004\102\004\060\004\073\004\076\004\063\004\060\004\074\004\070}{appendix.E}% 58
\BOOKMARK [0][]{appendix.F}{\376\377\004\034\004\060\004\102\004\065\004\100\004\126\004\060\004\073\004\070\000\040\004\064\004\076\000\040\004\033\000/\004\040\000\040\041\026\0006}{}% 59
\BOOKMARK [1][]{section.F.1}{\376\377\004\035\004\060\004\073\004\060\004\110\004\102\004\103\004\062\004\060\004\075\004\075\004\117\000\040\004\101\004\065\004\101\004\126\004\127\000\040\004\103\000\040\004\040\004\035\004\040}{appendix.F}% 60
\BOOKMARK [1][]{section.F.2}{\376\377\004\037\004\076\004\062\004\075\004\070\004\071\000\040\004\077\004\065\004\100\004\065\004\073\004\126\004\072\000\040\004\067\004\074\004\126\004\075\004\075\004\070\004\105\000\040\004\103\000\040\000<\000<\000p\000h\000p\000.\000i\000n\000i\000>\000>}{appendix.F}% 61
\BOOKMARK [1][]{section.F.3}{\376\377\004\036\004\077\004\070\004\101\000\040\004\104\004\103\004\075\004\072\004\106\004\126\004\071\000\040\004\064\004\073\004\117\000\040\004\100\004\076\004\061\004\076\004\102\004\070\000\040\004\067\000\040\004\101\004\065\004\101\004\126\004\117\004\074\004\070}{appendix.F}% 62
\BOOKMARK [0][]{appendix.G}{\376\377\004\034\004\060\004\102\004\065\004\100\004\126\004\060\004\073\004\070\000\040\004\064\004\076\000\040\004\033\000/\004\040\000\040\041\026\0007}{}% 63
\BOOKMARK [1][]{section.G.1}{\376\377\004\041\004\070\004\075\004\102\004\060\004\072\004\101\004\070\004\101\000\040\004\072\004\076\004\074\004\060\004\075\004\064\004\070\000\040\000C\000R\000E\000A\000T\000E\000\040\000T\000A\000B\000L\000E}{appendix.G}% 64
\BOOKMARK [1][]{section.G.2}{\376\377\004\041\004\070\004\075\004\102\004\060\004\072\004\101\004\070\004\101\000\040\004\072\004\076\004\074\004\060\004\075\004\064\004\070\000\040\000A\000L\000T\000E\000R\000\040\000T\000A\000B\000L\000E}{appendix.G}% 65
\BOOKMARK [0][]{appendix.H}{\376\377\004\034\004\060\004\102\004\065\004\100\004\126\004\060\004\073\004\070\000\040\004\064\004\076\000\040\004\033\000/\004\040\000\040\041\026\0008}{}% 66
\BOOKMARK [0][]{appendix.I}{\376\377\004\034\004\060\004\102\004\065\004\100\004\126\004\060\004\073\004\070\000\040\004\064\004\076\000\040\004\033\000/\004\040\000\040\041\026\0009}{}% 67
\BOOKMARK [0][]{appendix.J}{\376\377\004\034\004\060\004\102\004\065\004\100\004\126\004\060\004\073\004\070\000\040\004\064\004\076\000\040\004\033\000/\004\040\000\040\041\026\0001\0000}{}% 68
